
> vibe-generated-app@1.0.0 dev
> vite


  VITE v5.4.20  ready in 231 ms

  ➜  Local:   http://localhost:3000/
  ➜  Network: http://172.20.53.55:3000/
12:30:06 AM [vite] Pre-transform error: Transform failed with 1 error:
/home/workspace/src/App.jsx:7:206: ERROR: Expected ";" but found "]"
12:30:07 AM [vite] Internal server error: Transform failed with 1 error:
/home/workspace/src/App.jsx:7:206: ERROR: Expected ";" but found "]"
  Plugin: vite:esbuild
  File: /home/workspace/src/App.jsx:7:206
  
  Expected ";" but found "]"
  5  |  
  6  |  const gradientBg =
  7  |    'bg-[radial-gradient(1200px_600px_at_-10%_-10%,rgba(168,85,247,0.25),transparent_60%),radial-gradient(1000px_500px_at_110%_10%,rgba(59,130,246,0.25),transparent_60%),linear-gradient(180deg,#faf5ff,white)']
     |                                                                                                                                                                                                                ^
  8  |  
  9  |  const Section = ({ id, title, subtitle, children }) => (
  
      at failureErrorWithLog (/home/workspace/node_modules/esbuild/lib/main.js:1472:15)
      at /home/workspace/node_modules/esbuild/lib/main.js:755:50
      at responseCallbacks.<computed> (/home/workspace/node_modules/esbuild/lib/main.js:622:9)
      at handleIncomingPacket (/home/workspace/node_modules/esbuild/lib/main.js:677:12)
      at Socket.readFromStdout (/home/workspace/node_modules/esbuild/lib/main.js:600:7)
      at Socket.emit (node:events:508:28)
      at addChunk (node:internal/streams/readable:559:12)
      at readableAddChunkPushByteMode (node:internal/streams/readable:510:3)
      at Readable.push (node:internal/streams/readable:390:5)
      at Pipe.onStreamRead (node:internal/stream_base_commons:189:23)
12:30:32 AM [vite] Internal server error: Transform failed with 1 error:
/home/workspace/src/App.jsx:7:206: ERROR: Expected ";" but found "]"
  Plugin: vite:esbuild
  File: /home/workspace/src/App.jsx:7:206
  
  Expected ";" but found "]"
  5  |  
  6  |  const gradientBg =
  7  |    'bg-[radial-gradient(1200px_600px_at_-10%_-10%,rgba(168,85,247,0.25),transparent_60%),radial-gradient(1000px_500px_at_110%_10%,rgba(59,130,246,0.25),transparent_60%),linear-gradient(180deg,#faf5ff,white)']
     |                                                                                                                                                                                                                ^
  8  |  
  9  |  const Section = ({ id, title, subtitle, children }) => (
  
      at failureErrorWithLog (/home/workspace/node_modules/esbuild/lib/main.js:1472:15)
      at /home/workspace/node_modules/esbuild/lib/main.js:755:50
      at responseCallbacks.<computed> (/home/workspace/node_modules/esbuild/lib/main.js:622:9)
      at handleIncomingPacket (/home/workspace/node_modules/esbuild/lib/main.js:677:12)
      at Socket.readFromStdout (/home/workspace/node_modules/esbuild/lib/main.js:600:7)
      at Socket.emit (node:events:508:28)
      at addChunk (node:internal/streams/readable:559:12)
      at readableAddChunkPushByteMode (node:internal/streams/readable:510:3)
      at Readable.push (node:internal/streams/readable:390:5)
      at Pipe.onStreamRead (node:internal/stream_base_commons:189:23)
